2016-08-17 05:05:55 Notice: Notice (8): Undefined index: schema in [C:\xamppp\htdocs\cakephp-tuts\vendor\cakephp\cakephp\src\ORM\Table.php, line 264]
Request URL: /cakephp-tuts/topics/
Client IP: 127.0.0.1
Trace:
Cake\Error\BaseErrorHandler::handleError() - CORE\src\Error\BaseErrorHandler.php, line 146
Cake\ORM\Table::__construct() - CORE\src\ORM\Table.php, line 264
Cake\ORM\Locator\TableLocator::_create() - CORE\src\ORM\Locator\TableLocator.php, line 210
Cake\ORM\Locator\TableLocator::get() - CORE\src\ORM\Locator\TableLocator.php, line 177
Cake\Controller\Controller::loadModel() - CORE\src\Datasource\ModelAwareTrait.php, line 114
Cake\Controller\Controller::__get() - CORE\src\Controller\Controller.php, line 350
App\Controller\TopicsController::index() - APP/Controller\TopicsController.php, line 21
Cake\Controller\Controller::invokeAction() - CORE\src\Controller\Controller.php, line 435
Cake\Routing\Dispatcher::_invoke() - CORE\src\Routing\Dispatcher.php, line 114
Cake\Routing\Dispatcher::dispatch() - CORE\src\Routing\Dispatcher.php, line 87
[main] - ROOT\webroot\index.php, line 37



2016-08-17 05:05:55 Notice: Notice (8): Undefined index: schema in [C:\xamppp\htdocs\cakephp-tuts\vendor\cakephp\cakephp\src\ORM\Table.php, line 264]
Request URL: /cakephp-tuts/topics/
Client IP: 127.0.0.1
Trace:
Cake\Error\BaseErrorHandler::handleError() - CORE\src\Error\BaseErrorHandler.php, line 146
Cake\ORM\Table::__construct() - CORE\src\ORM\Table.php, line 264
Cake\ORM\Locator\TableLocator::_create() - CORE\src\ORM\Locator\TableLocator.php, line 210
Cake\ORM\Locator\TableLocator::get() - CORE\src\ORM\Locator\TableLocator.php, line 177
Cake\ORM\TableRegistry::get() - CORE\src\ORM\TableRegistry.php, line 110
DebugKit\Routing\Filter\DebugBarFilter::afterDispatch() - ROOT\vendor\cakephp\debug_kit\src\Routing\Filter\DebugBarFilter.php, line 187
Cake\Event\EventManager::_callListener() - CORE\src\Event\EventManager.php, line 425
Cake\Event\EventManager::dispatch() - CORE\src\Event\EventManager.php, line 386
Cake\Routing\Dispatcher::dispatchEvent() - CORE\src\Event\EventDispatcherTrait.php, line 78
Cake\Error\ExceptionRenderer::_shutdown() - CORE\src\Error\ExceptionRenderer.php, line 387
Cake\Error\ExceptionRenderer::_outputMessage() - CORE\src\Error\ExceptionRenderer.php, line 329
Cake\Error\ExceptionRenderer::render() - CORE\src\Error\ExceptionRenderer.php, line 194
Cake\Error\ErrorHandler::_displayException() - CORE\src\Error\ErrorHandler.php, line 144
Cake\Error\BaseErrorHandler::handleException() - CORE\src\Error\BaseErrorHandler.php, line 180
Cake\Error\BaseErrorHandler::wrapAndHandleException() - CORE\src\Error\BaseErrorHandler.php, line 164
[main] - [internal], line ??



2016-08-17 05:05:55 Notice: Notice (8): Undefined index: schema in [C:\xamppp\htdocs\cakephp-tuts\vendor\cakephp\cakephp\src\ORM\Table.php, line 264]
Request URL: /cakephp-tuts/topics/
Client IP: 127.0.0.1
Trace:
Cake\Error\BaseErrorHandler::handleError() - CORE\src\Error\BaseErrorHandler.php, line 146
Cake\ORM\Table::__construct() - CORE\src\ORM\Table.php, line 264
Cake\ORM\Locator\TableLocator::_create() - CORE\src\ORM\Locator\TableLocator.php, line 210
Cake\ORM\Locator\TableLocator::get() - CORE\src\ORM\Locator\TableLocator.php, line 177
Cake\ORM\Association::target() - CORE\src\ORM\Association.php, line 323
Cake\ORM\Marshaller::_marshalAssociation() - CORE\src\ORM\Marshaller.php, line 255
Cake\ORM\Marshaller::one() - CORE\src\ORM\Marshaller.php, line 160
Cake\ORM\Table::newEntity() - CORE\src\ORM\Table.php, line 2129
DebugKit\Routing\Filter\DebugBarFilter::afterDispatch() - ROOT\vendor\cakephp\debug_kit\src\Routing\Filter\DebugBarFilter.php, line 190
Cake\Event\EventManager::_callListener() - CORE\src\Event\EventManager.php, line 425
Cake\Event\EventManager::dispatch() - CORE\src\Event\EventManager.php, line 386
Cake\Routing\Dispatcher::dispatchEvent() - CORE\src\Event\EventDispatcherTrait.php, line 78
Cake\Error\ExceptionRenderer::_shutdown() - CORE\src\Error\ExceptionRenderer.php, line 387
Cake\Error\ExceptionRenderer::_outputMessage() - CORE\src\Error\ExceptionRenderer.php, line 329
Cake\Error\ExceptionRenderer::render() - CORE\src\Error\ExceptionRenderer.php, line 194
Cake\Error\ErrorHandler::_displayException() - CORE\src\Error\ErrorHandler.php, line 144
Cake\Error\BaseErrorHandler::handleException() - CORE\src\Error\BaseErrorHandler.php, line 180
Cake\Error\BaseErrorHandler::wrapAndHandleException() - CORE\src\Error\BaseErrorHandler.php, line 164
[main] - [internal], line ??



2016-08-17 05:05:59 Notice: Notice (8): Undefined index: schema in [C:\xamppp\htdocs\cakephp-tuts\vendor\cakephp\cakephp\src\ORM\Table.php, line 264]
Request URL: /cakephp-tuts/debug_kit/toolbar/76f122b9-f482-448d-9443-ade3e06bb195
Referer URL: http://localhost/cakephp-tuts/topics/
Client IP: 127.0.0.1
Trace:
Cake\Error\BaseErrorHandler::handleError() - CORE\src\Error\BaseErrorHandler.php, line 146
Cake\ORM\Table::__construct() - CORE\src\ORM\Table.php, line 264
Cake\ORM\Locator\TableLocator::_create() - CORE\src\ORM\Locator\TableLocator.php, line 210
Cake\ORM\Locator\TableLocator::get() - CORE\src\ORM\Locator\TableLocator.php, line 177
Cake\Controller\Controller::loadModel() - CORE\src\Datasource\ModelAwareTrait.php, line 114
Cake\Controller\Controller::__get() - CORE\src\Controller\Controller.php, line 350
DebugKit\Controller\RequestsController::view() - ROOT\vendor\cakephp\debug_kit\src\Controller\RequestsController.php, line 64
Cake\Controller\Controller::invokeAction() - CORE\src\Controller\Controller.php, line 435
Cake\Routing\Dispatcher::_invoke() - CORE\src\Routing\Dispatcher.php, line 114
Cake\Routing\Dispatcher::dispatch() - CORE\src\Routing\Dispatcher.php, line 87
[main] - ROOT\webroot\index.php, line 37



2016-08-17 05:05:59 Notice: Notice (8): Undefined index: schema in [C:\xamppp\htdocs\cakephp-tuts\vendor\cakephp\cakephp\src\ORM\Table.php, line 264]
Request URL: /cakephp-tuts/debug_kit/toolbar/76f122b9-f482-448d-9443-ade3e06bb195
Referer URL: http://localhost/cakephp-tuts/topics/
Client IP: 127.0.0.1
Trace:
Cake\Error\BaseErrorHandler::handleError() - CORE\src\Error\BaseErrorHandler.php, line 146
Cake\ORM\Table::__construct() - CORE\src\ORM\Table.php, line 264
Cake\ORM\Locator\TableLocator::_create() - CORE\src\ORM\Locator\TableLocator.php, line 210
Cake\ORM\Locator\TableLocator::get() - CORE\src\ORM\Locator\TableLocator.php, line 177
Cake\ORM\Association::target() - CORE\src\ORM\Association.php, line 323
Cake\ORM\Query::_addAssociationsToTypeMap() - CORE\src\ORM\Query.php, line 390
Cake\ORM\Query::contain() - CORE\src\ORM\Query.php, line 368
Cake\ORM\Query::applyOptions() - CORE\src\ORM\Query.php, line 697
Cake\ORM\Table::callFinder() - CORE\src\ORM\Table.php, line 1909
Cake\ORM\Table::find() - CORE\src\ORM\Table.php, line 963
Cake\ORM\Table::get() - CORE\src\ORM\Table.php, line 1205
DebugKit\Controller\RequestsController::view() - ROOT\vendor\cakephp\debug_kit\src\Controller\RequestsController.php, line 64
Cake\Controller\Controller::invokeAction() - CORE\src\Controller\Controller.php, line 435
Cake\Routing\Dispatcher::_invoke() - CORE\src\Routing\Dispatcher.php, line 114
Cake\Routing\Dispatcher::dispatch() - CORE\src\Routing\Dispatcher.php, line 87
[main] - ROOT\webroot\index.php, line 37



2016-08-26 13:46:56 Notice: Strict (2048): Declaration of App\Model\Table\UsersTable::validationDefault() should be compatible with Cake\ORM\Table::validationDefault(Cake\Validation\Validator $validator) in [C:\xampp\htdocs\cakephp-tuts\src\Model\Table\UsersTable.php, line 6]
Request URL: /cakephp-tuts/users/add
Trace:
Cake\Error\BaseErrorHandler::handleError() - CORE\src\Error\BaseErrorHandler.php, line 146
include - APP/Model\Table\UsersTable.php, line 6
Composer\Autoload\includeFile - ROOT\vendor\composer\ClassLoader.php, line 412
Composer\Autoload\ClassLoader::loadClass() - ROOT\vendor\composer\ClassLoader.php, line 301
spl_autoload_call - [internal], line ??
class_exists - [internal], line ??
Cake\Core\App::_classExistsInBase() - CORE\src\Core\App.php, line 152
Cake\Core\App::className() - CORE\src\Core\App.php, line 64
Cake\ORM\Locator\TableLocator::_getClassName() - CORE\src\ORM\Locator\TableLocator.php, line 199
Cake\ORM\Locator\TableLocator::get() - CORE\src\ORM\Locator\TableLocator.php, line 156
Cake\Controller\Controller::loadModel() - CORE\src\Datasource\ModelAwareTrait.php, line 114
Cake\Controller\Controller::__get() - CORE\src\Controller\Controller.php, line 350
App\Controller\UsersController::add() - APP/Controller\UsersController.php, line 26
Cake\Controller\Controller::invokeAction() - CORE\src\Controller\Controller.php, line 435
Cake\Routing\Dispatcher::_invoke() - CORE\src\Routing\Dispatcher.php, line 114
Cake\Routing\Dispatcher::dispatch() - CORE\src\Routing\Dispatcher.php, line 87
[main] - ROOT\webroot\index.php, line 37



2016-08-26 13:47:01 Notice: Notice (8): Undefined variable: vlidator in [C:\xampp\htdocs\cakephp-tuts\src\Model\Table\UsersTable.php, line 14]
Request URL: /cakephp-tuts/users/add
Trace:
Cake\Error\BaseErrorHandler::handleError() - CORE\src\Error\BaseErrorHandler.php, line 146
App\Model\Table\UsersTable::validationDefault() - APP/Model\Table\UsersTable.php, line 14
Cake\ORM\Table::validator() - CORE\src\Validation\ValidatorAwareTrait.php, line 108
Cake\View\Form\EntityContext::_getValidator() - CORE\src\View\Form\EntityContext.php, line 420
Cake\View\Form\EntityContext::isRequired() - CORE\src\View\Form\EntityContext.php, line 363
Cake\View\Helper\FormHelper::_magicOptions() - CORE\src\View\Helper\FormHelper.php, line 1276
Cake\View\Helper\FormHelper::_parseOptions() - CORE\src\View\Helper\FormHelper.php, line 1175
Cake\View\Helper\FormHelper::input() - CORE\src\View\Helper\FormHelper.php, line 1024
include - APP/Template\Users\add.ctp, line 6
Cake\View\View::_evaluate() - CORE\src\View\View.php, line 1005
Cake\View\View::_render() - CORE\src\View\View.php, line 964
Cake\View\View::render() - CORE\src\View\View.php, line 588
Cake\Controller\Controller::render() - CORE\src\Controller\Controller.php, line 617
Cake\Routing\Dispatcher::_invoke() - CORE\src\Routing\Dispatcher.php, line 120
Cake\Routing\Dispatcher::dispatch() - CORE\src\Routing\Dispatcher.php, line 87
[main] - ROOT\webroot\index.php, line 37



2016-08-26 13:47:46 Notice: Strict (2048): Declaration of App\Model\Table\UsersTable::validationDefault() should be compatible with Cake\ORM\Table::validationDefault(Cake\Validation\Validator $validator) in [C:\xampp\htdocs\cakephp-tuts\src\Model\Table\UsersTable.php, line 6]
Request URL: /cakephp-tuts/users/add
Trace:
Cake\Error\BaseErrorHandler::handleError() - CORE\src\Error\BaseErrorHandler.php, line 146
include - APP/Model\Table\UsersTable.php, line 6
Composer\Autoload\includeFile - ROOT\vendor\composer\ClassLoader.php, line 412
Composer\Autoload\ClassLoader::loadClass() - ROOT\vendor\composer\ClassLoader.php, line 301
spl_autoload_call - [internal], line ??
class_exists - [internal], line ??
Cake\Core\App::_classExistsInBase() - CORE\src\Core\App.php, line 152
Cake\Core\App::className() - CORE\src\Core\App.php, line 64
Cake\ORM\Locator\TableLocator::_getClassName() - CORE\src\ORM\Locator\TableLocator.php, line 199
Cake\ORM\Locator\TableLocator::get() - CORE\src\ORM\Locator\TableLocator.php, line 156
Cake\Controller\Controller::loadModel() - CORE\src\Datasource\ModelAwareTrait.php, line 114
Cake\Controller\Controller::__get() - CORE\src\Controller\Controller.php, line 350
App\Controller\UsersController::add() - APP/Controller\UsersController.php, line 26
Cake\Controller\Controller::invokeAction() - CORE\src\Controller\Controller.php, line 435
Cake\Routing\Dispatcher::_invoke() - CORE\src\Routing\Dispatcher.php, line 114
Cake\Routing\Dispatcher::dispatch() - CORE\src\Routing\Dispatcher.php, line 87
[main] - ROOT\webroot\index.php, line 37



2016-08-26 13:47:47 Notice: Notice (8): Undefined variable: vlidator in [C:\xampp\htdocs\cakephp-tuts\src\Model\Table\UsersTable.php, line 14]
Request URL: /cakephp-tuts/users/add
Trace:
Cake\Error\BaseErrorHandler::handleError() - CORE\src\Error\BaseErrorHandler.php, line 146
App\Model\Table\UsersTable::validationDefault() - APP/Model\Table\UsersTable.php, line 14
Cake\ORM\Table::validator() - CORE\src\Validation\ValidatorAwareTrait.php, line 108
Cake\View\Form\EntityContext::_getValidator() - CORE\src\View\Form\EntityContext.php, line 420
Cake\View\Form\EntityContext::isRequired() - CORE\src\View\Form\EntityContext.php, line 363
Cake\View\Helper\FormHelper::_magicOptions() - CORE\src\View\Helper\FormHelper.php, line 1276
Cake\View\Helper\FormHelper::_parseOptions() - CORE\src\View\Helper\FormHelper.php, line 1175
Cake\View\Helper\FormHelper::input() - CORE\src\View\Helper\FormHelper.php, line 1024
include - APP/Template\Users\add.ctp, line 6
Cake\View\View::_evaluate() - CORE\src\View\View.php, line 1005
Cake\View\View::_render() - CORE\src\View\View.php, line 964
Cake\View\View::render() - CORE\src\View\View.php, line 588
Cake\Controller\Controller::render() - CORE\src\Controller\Controller.php, line 617
Cake\Routing\Dispatcher::_invoke() - CORE\src\Routing\Dispatcher.php, line 120
Cake\Routing\Dispatcher::dispatch() - CORE\src\Routing\Dispatcher.php, line 87
[main] - ROOT\webroot\index.php, line 37



2016-08-26 13:47:58 Notice: Strict (2048): Declaration of App\Model\Table\UsersTable::validationDefault() should be compatible with Cake\ORM\Table::validationDefault(Cake\Validation\Validator $validator) in [C:\xampp\htdocs\cakephp-tuts\src\Model\Table\UsersTable.php, line 6]
Request URL: /cakephp-tuts/users/add
Trace:
Cake\Error\BaseErrorHandler::handleError() - CORE\src\Error\BaseErrorHandler.php, line 146
include - APP/Model\Table\UsersTable.php, line 6
Composer\Autoload\includeFile - ROOT\vendor\composer\ClassLoader.php, line 412
Composer\Autoload\ClassLoader::loadClass() - ROOT\vendor\composer\ClassLoader.php, line 301
spl_autoload_call - [internal], line ??
class_exists - [internal], line ??
Cake\Core\App::_classExistsInBase() - CORE\src\Core\App.php, line 152
Cake\Core\App::className() - CORE\src\Core\App.php, line 64
Cake\ORM\Locator\TableLocator::_getClassName() - CORE\src\ORM\Locator\TableLocator.php, line 199
Cake\ORM\Locator\TableLocator::get() - CORE\src\ORM\Locator\TableLocator.php, line 156
Cake\Controller\Controller::loadModel() - CORE\src\Datasource\ModelAwareTrait.php, line 114
Cake\Controller\Controller::__get() - CORE\src\Controller\Controller.php, line 350
App\Controller\UsersController::add() - APP/Controller\UsersController.php, line 26
Cake\Controller\Controller::invokeAction() - CORE\src\Controller\Controller.php, line 435
Cake\Routing\Dispatcher::_invoke() - CORE\src\Routing\Dispatcher.php, line 114
Cake\Routing\Dispatcher::dispatch() - CORE\src\Routing\Dispatcher.php, line 87
[main] - ROOT\webroot\index.php, line 37



2016-08-26 13:47:58 Notice: Notice (8): Undefined variable: vlidator in [C:\xampp\htdocs\cakephp-tuts\src\Model\Table\UsersTable.php, line 14]
Request URL: /cakephp-tuts/users/add
Trace:
Cake\Error\BaseErrorHandler::handleError() - CORE\src\Error\BaseErrorHandler.php, line 146
App\Model\Table\UsersTable::validationDefault() - APP/Model\Table\UsersTable.php, line 14
Cake\ORM\Table::validator() - CORE\src\Validation\ValidatorAwareTrait.php, line 108
Cake\View\Form\EntityContext::_getValidator() - CORE\src\View\Form\EntityContext.php, line 420
Cake\View\Form\EntityContext::isRequired() - CORE\src\View\Form\EntityContext.php, line 363
Cake\View\Helper\FormHelper::_magicOptions() - CORE\src\View\Helper\FormHelper.php, line 1276
Cake\View\Helper\FormHelper::_parseOptions() - CORE\src\View\Helper\FormHelper.php, line 1175
Cake\View\Helper\FormHelper::input() - CORE\src\View\Helper\FormHelper.php, line 1024
include - APP/Template\Users\add.ctp, line 6
Cake\View\View::_evaluate() - CORE\src\View\View.php, line 1005
Cake\View\View::_render() - CORE\src\View\View.php, line 964
Cake\View\View::render() - CORE\src\View\View.php, line 588
Cake\Controller\Controller::render() - CORE\src\Controller\Controller.php, line 617
Cake\Routing\Dispatcher::_invoke() - CORE\src\Routing\Dispatcher.php, line 120
Cake\Routing\Dispatcher::dispatch() - CORE\src\Routing\Dispatcher.php, line 87
[main] - ROOT\webroot\index.php, line 37



2016-08-26 13:50:52 Notice: Strict (2048): Declaration of App\Model\Table\UsersTable::validationDefault() should be compatible with Cake\ORM\Table::validationDefault(Cake\Validation\Validator $validator) in [C:\xampp\htdocs\cakephp-tuts\src\Model\Table\UsersTable.php, line 6]
Request URL: /cakephp-tuts/users/add
Trace:
Cake\Error\BaseErrorHandler::handleError() - CORE\src\Error\BaseErrorHandler.php, line 146
include - APP/Model\Table\UsersTable.php, line 6
Composer\Autoload\includeFile - ROOT\vendor\composer\ClassLoader.php, line 412
Composer\Autoload\ClassLoader::loadClass() - ROOT\vendor\composer\ClassLoader.php, line 301
spl_autoload_call - [internal], line ??
class_exists - [internal], line ??
Cake\Core\App::_classExistsInBase() - CORE\src\Core\App.php, line 152
Cake\Core\App::className() - CORE\src\Core\App.php, line 64
Cake\ORM\Locator\TableLocator::_getClassName() - CORE\src\ORM\Locator\TableLocator.php, line 199
Cake\ORM\Locator\TableLocator::get() - CORE\src\ORM\Locator\TableLocator.php, line 156
Cake\Controller\Controller::loadModel() - CORE\src\Datasource\ModelAwareTrait.php, line 114
Cake\Controller\Controller::__get() - CORE\src\Controller\Controller.php, line 350
App\Controller\UsersController::add() - APP/Controller\UsersController.php, line 26
Cake\Controller\Controller::invokeAction() - CORE\src\Controller\Controller.php, line 435
Cake\Routing\Dispatcher::_invoke() - CORE\src\Routing\Dispatcher.php, line 114
Cake\Routing\Dispatcher::dispatch() - CORE\src\Routing\Dispatcher.php, line 87
[main] - ROOT\webroot\index.php, line 37



2016-08-26 13:50:52 Notice: Notice (8): Undefined variable: vlidator in [C:\xampp\htdocs\cakephp-tuts\src\Model\Table\UsersTable.php, line 14]
Request URL: /cakephp-tuts/users/add
Trace:
Cake\Error\BaseErrorHandler::handleError() - CORE\src\Error\BaseErrorHandler.php, line 146
App\Model\Table\UsersTable::validationDefault() - APP/Model\Table\UsersTable.php, line 14
Cake\ORM\Table::validator() - CORE\src\Validation\ValidatorAwareTrait.php, line 108
Cake\View\Form\EntityContext::_getValidator() - CORE\src\View\Form\EntityContext.php, line 420
Cake\View\Form\EntityContext::isRequired() - CORE\src\View\Form\EntityContext.php, line 363
Cake\View\Helper\FormHelper::_magicOptions() - CORE\src\View\Helper\FormHelper.php, line 1276
Cake\View\Helper\FormHelper::_parseOptions() - CORE\src\View\Helper\FormHelper.php, line 1175
Cake\View\Helper\FormHelper::input() - CORE\src\View\Helper\FormHelper.php, line 1024
include - APP/Template\Users\add.ctp, line 6
Cake\View\View::_evaluate() - CORE\src\View\View.php, line 1005
Cake\View\View::_render() - CORE\src\View\View.php, line 964
Cake\View\View::render() - CORE\src\View\View.php, line 588
Cake\Controller\Controller::render() - CORE\src\Controller\Controller.php, line 617
Cake\Routing\Dispatcher::_invoke() - CORE\src\Routing\Dispatcher.php, line 120
Cake\Routing\Dispatcher::dispatch() - CORE\src\Routing\Dispatcher.php, line 87
[main] - ROOT\webroot\index.php, line 37



2016-08-26 13:51:42 Notice: Strict (2048): Declaration of App\Model\Table\UsersTable::validationDefault() should be compatible with Cake\ORM\Table::validationDefault(Cake\Validation\Validator $validator) in [C:\xampp\htdocs\cakephp-tuts\src\Model\Table\UsersTable.php, line 6]
Request URL: /cakephp-tuts/users/add
Trace:
Cake\Error\BaseErrorHandler::handleError() - CORE\src\Error\BaseErrorHandler.php, line 146
include - APP/Model\Table\UsersTable.php, line 6
Composer\Autoload\includeFile - ROOT\vendor\composer\ClassLoader.php, line 412
Composer\Autoload\ClassLoader::loadClass() - ROOT\vendor\composer\ClassLoader.php, line 301
spl_autoload_call - [internal], line ??
class_exists - [internal], line ??
Cake\Core\App::_classExistsInBase() - CORE\src\Core\App.php, line 152
Cake\Core\App::className() - CORE\src\Core\App.php, line 64
Cake\ORM\Locator\TableLocator::_getClassName() - CORE\src\ORM\Locator\TableLocator.php, line 199
Cake\ORM\Locator\TableLocator::get() - CORE\src\ORM\Locator\TableLocator.php, line 156
Cake\Controller\Controller::loadModel() - CORE\src\Datasource\ModelAwareTrait.php, line 114
Cake\Controller\Controller::__get() - CORE\src\Controller\Controller.php, line 350
App\Controller\UsersController::add() - APP/Controller\UsersController.php, line 26
Cake\Controller\Controller::invokeAction() - CORE\src\Controller\Controller.php, line 435
Cake\Routing\Dispatcher::_invoke() - CORE\src\Routing\Dispatcher.php, line 114
Cake\Routing\Dispatcher::dispatch() - CORE\src\Routing\Dispatcher.php, line 87
[main] - ROOT\webroot\index.php, line 37



2016-08-26 13:51:42 Notice: Notice (8): Undefined variable: vlidator in [C:\xampp\htdocs\cakephp-tuts\src\Model\Table\UsersTable.php, line 14]
Request URL: /cakephp-tuts/users/add
Trace:
Cake\Error\BaseErrorHandler::handleError() - CORE\src\Error\BaseErrorHandler.php, line 146
App\Model\Table\UsersTable::validationDefault() - APP/Model\Table\UsersTable.php, line 14
Cake\ORM\Table::validator() - CORE\src\Validation\ValidatorAwareTrait.php, line 108
Cake\View\Form\EntityContext::_getValidator() - CORE\src\View\Form\EntityContext.php, line 420
Cake\View\Form\EntityContext::isRequired() - CORE\src\View\Form\EntityContext.php, line 363
Cake\View\Helper\FormHelper::_magicOptions() - CORE\src\View\Helper\FormHelper.php, line 1276
Cake\View\Helper\FormHelper::_parseOptions() - CORE\src\View\Helper\FormHelper.php, line 1175
Cake\View\Helper\FormHelper::input() - CORE\src\View\Helper\FormHelper.php, line 1024
include - APP/Template\Users\add.ctp, line 6
Cake\View\View::_evaluate() - CORE\src\View\View.php, line 1005
Cake\View\View::_render() - CORE\src\View\View.php, line 964
Cake\View\View::render() - CORE\src\View\View.php, line 588
Cake\Controller\Controller::render() - CORE\src\Controller\Controller.php, line 617
Cake\Routing\Dispatcher::_invoke() - CORE\src\Routing\Dispatcher.php, line 120
Cake\Routing\Dispatcher::dispatch() - CORE\src\Routing\Dispatcher.php, line 87
[main] - ROOT\webroot\index.php, line 37



2016-08-26 14:07:15 Notice: Strict (2048): Declaration of App\Model\Table\UsersTable::validationDefault() should be compatible with Cake\ORM\Table::validationDefault(Cake\Validation\Validator $validator) in [C:\xampp\htdocs\cakephp-tuts\src\Model\Table\UsersTable.php, line 6]
Request URL: /cakephp-tuts/users/add
Trace:
Cake\Error\BaseErrorHandler::handleError() - CORE\src\Error\BaseErrorHandler.php, line 146
include - APP/Model\Table\UsersTable.php, line 6
Composer\Autoload\includeFile - ROOT\vendor\composer\ClassLoader.php, line 412
Composer\Autoload\ClassLoader::loadClass() - ROOT\vendor\composer\ClassLoader.php, line 301
spl_autoload_call - [internal], line ??
class_exists - [internal], line ??
Cake\Core\App::_classExistsInBase() - CORE\src\Core\App.php, line 152
Cake\Core\App::className() - CORE\src\Core\App.php, line 64
Cake\ORM\Locator\TableLocator::_getClassName() - CORE\src\ORM\Locator\TableLocator.php, line 199
Cake\ORM\Locator\TableLocator::get() - CORE\src\ORM\Locator\TableLocator.php, line 156
Cake\Controller\Controller::loadModel() - CORE\src\Datasource\ModelAwareTrait.php, line 114
Cake\Controller\Controller::__get() - CORE\src\Controller\Controller.php, line 350
App\Controller\UsersController::add() - APP/Controller\UsersController.php, line 26
Cake\Controller\Controller::invokeAction() - CORE\src\Controller\Controller.php, line 435
Cake\Routing\Dispatcher::_invoke() - CORE\src\Routing\Dispatcher.php, line 114
Cake\Routing\Dispatcher::dispatch() - CORE\src\Routing\Dispatcher.php, line 87
[main] - ROOT\webroot\index.php, line 37



2016-08-26 14:07:15 Notice: Notice (8): Undefined variable: vlidator in [C:\xampp\htdocs\cakephp-tuts\src\Model\Table\UsersTable.php, line 14]
Request URL: /cakephp-tuts/users/add
Trace:
Cake\Error\BaseErrorHandler::handleError() - CORE\src\Error\BaseErrorHandler.php, line 146
App\Model\Table\UsersTable::validationDefault() - APP/Model\Table\UsersTable.php, line 14
Cake\ORM\Table::validator() - CORE\src\Validation\ValidatorAwareTrait.php, line 108
Cake\View\Form\EntityContext::_getValidator() - CORE\src\View\Form\EntityContext.php, line 420
Cake\View\Form\EntityContext::isRequired() - CORE\src\View\Form\EntityContext.php, line 363
Cake\View\Helper\FormHelper::_magicOptions() - CORE\src\View\Helper\FormHelper.php, line 1276
Cake\View\Helper\FormHelper::_parseOptions() - CORE\src\View\Helper\FormHelper.php, line 1175
Cake\View\Helper\FormHelper::input() - CORE\src\View\Helper\FormHelper.php, line 1024
include - APP/Template\Users\add.ctp, line 6
Cake\View\View::_evaluate() - CORE\src\View\View.php, line 1005
Cake\View\View::_render() - CORE\src\View\View.php, line 964
Cake\View\View::render() - CORE\src\View\View.php, line 588
Cake\Controller\Controller::render() - CORE\src\Controller\Controller.php, line 617
Cake\Routing\Dispatcher::_invoke() - CORE\src\Routing\Dispatcher.php, line 120
Cake\Routing\Dispatcher::dispatch() - CORE\src\Routing\Dispatcher.php, line 87
[main] - ROOT\webroot\index.php, line 37



2016-08-26 14:07:45 Notice: Strict (2048): Declaration of App\Model\Table\UsersTable::validationDefault() should be compatible with Cake\ORM\Table::validationDefault(Cake\Validation\Validator $validator) in [C:\xampp\htdocs\cakephp-tuts\src\Model\Table\UsersTable.php, line 6]
Request URL: /cakephp-tuts/users/add
Trace:
Cake\Error\BaseErrorHandler::handleError() - CORE\src\Error\BaseErrorHandler.php, line 146
include - APP/Model\Table\UsersTable.php, line 6
Composer\Autoload\includeFile - ROOT\vendor\composer\ClassLoader.php, line 412
Composer\Autoload\ClassLoader::loadClass() - ROOT\vendor\composer\ClassLoader.php, line 301
spl_autoload_call - [internal], line ??
class_exists - [internal], line ??
Cake\Core\App::_classExistsInBase() - CORE\src\Core\App.php, line 152
Cake\Core\App::className() - CORE\src\Core\App.php, line 64
Cake\ORM\Locator\TableLocator::_getClassName() - CORE\src\ORM\Locator\TableLocator.php, line 199
Cake\ORM\Locator\TableLocator::get() - CORE\src\ORM\Locator\TableLocator.php, line 156
Cake\Controller\Controller::loadModel() - CORE\src\Datasource\ModelAwareTrait.php, line 114
Cake\Controller\Controller::__get() - CORE\src\Controller\Controller.php, line 350
App\Controller\UsersController::add() - APP/Controller\UsersController.php, line 26
Cake\Controller\Controller::invokeAction() - CORE\src\Controller\Controller.php, line 435
Cake\Routing\Dispatcher::_invoke() - CORE\src\Routing\Dispatcher.php, line 114
Cake\Routing\Dispatcher::dispatch() - CORE\src\Routing\Dispatcher.php, line 87
[main] - ROOT\webroot\index.php, line 37



2016-08-26 14:07:45 Notice: Notice (8): Undefined variable: vlidator in [C:\xampp\htdocs\cakephp-tuts\src\Model\Table\UsersTable.php, line 14]
Request URL: /cakephp-tuts/users/add
Trace:
Cake\Error\BaseErrorHandler::handleError() - CORE\src\Error\BaseErrorHandler.php, line 146
App\Model\Table\UsersTable::validationDefault() - APP/Model\Table\UsersTable.php, line 14
Cake\ORM\Table::validator() - CORE\src\Validation\ValidatorAwareTrait.php, line 108
Cake\View\Form\EntityContext::_getValidator() - CORE\src\View\Form\EntityContext.php, line 420
Cake\View\Form\EntityContext::isRequired() - CORE\src\View\Form\EntityContext.php, line 363
Cake\View\Helper\FormHelper::_magicOptions() - CORE\src\View\Helper\FormHelper.php, line 1276
Cake\View\Helper\FormHelper::_parseOptions() - CORE\src\View\Helper\FormHelper.php, line 1175
Cake\View\Helper\FormHelper::input() - CORE\src\View\Helper\FormHelper.php, line 1024
include - APP/Template\Users\add.ctp, line 6
Cake\View\View::_evaluate() - CORE\src\View\View.php, line 1005
Cake\View\View::_render() - CORE\src\View\View.php, line 964
Cake\View\View::render() - CORE\src\View\View.php, line 588
Cake\Controller\Controller::render() - CORE\src\Controller\Controller.php, line 617
Cake\Routing\Dispatcher::_invoke() - CORE\src\Routing\Dispatcher.php, line 120
Cake\Routing\Dispatcher::dispatch() - CORE\src\Routing\Dispatcher.php, line 87
[main] - ROOT\webroot\index.php, line 37



2016-08-26 14:08:34 Notice: Strict (2048): Declaration of App\Model\Table\UsersTable::validationDefault() should be compatible with Cake\ORM\Table::validationDefault(Cake\Validation\Validator $validator) in [C:\xampp\htdocs\cakephp-tuts\src\Model\Table\UsersTable.php, line 6]
Request URL: /cakephp-tuts/users/add
Trace:
Cake\Error\BaseErrorHandler::handleError() - CORE\src\Error\BaseErrorHandler.php, line 146
include - APP/Model\Table\UsersTable.php, line 6
Composer\Autoload\includeFile - ROOT\vendor\composer\ClassLoader.php, line 412
Composer\Autoload\ClassLoader::loadClass() - ROOT\vendor\composer\ClassLoader.php, line 301
spl_autoload_call - [internal], line ??
class_exists - [internal], line ??
Cake\Core\App::_classExistsInBase() - CORE\src\Core\App.php, line 152
Cake\Core\App::className() - CORE\src\Core\App.php, line 64
Cake\ORM\Locator\TableLocator::_getClassName() - CORE\src\ORM\Locator\TableLocator.php, line 199
Cake\ORM\Locator\TableLocator::get() - CORE\src\ORM\Locator\TableLocator.php, line 156
Cake\Controller\Controller::loadModel() - CORE\src\Datasource\ModelAwareTrait.php, line 114
Cake\Controller\Controller::__get() - CORE\src\Controller\Controller.php, line 350
App\Controller\UsersController::add() - APP/Controller\UsersController.php, line 26
Cake\Controller\Controller::invokeAction() - CORE\src\Controller\Controller.php, line 435
Cake\Routing\Dispatcher::_invoke() - CORE\src\Routing\Dispatcher.php, line 114
Cake\Routing\Dispatcher::dispatch() - CORE\src\Routing\Dispatcher.php, line 87
[main] - ROOT\webroot\index.php, line 37



2016-08-26 14:08:34 Notice: Notice (8): Undefined variable: vlidator in [C:\xampp\htdocs\cakephp-tuts\src\Model\Table\UsersTable.php, line 14]
Request URL: /cakephp-tuts/users/add
Trace:
Cake\Error\BaseErrorHandler::handleError() - CORE\src\Error\BaseErrorHandler.php, line 146
App\Model\Table\UsersTable::validationDefault() - APP/Model\Table\UsersTable.php, line 14
Cake\ORM\Table::validator() - CORE\src\Validation\ValidatorAwareTrait.php, line 108
Cake\View\Form\EntityContext::_getValidator() - CORE\src\View\Form\EntityContext.php, line 420
Cake\View\Form\EntityContext::isRequired() - CORE\src\View\Form\EntityContext.php, line 363
Cake\View\Helper\FormHelper::_magicOptions() - CORE\src\View\Helper\FormHelper.php, line 1276
Cake\View\Helper\FormHelper::_parseOptions() - CORE\src\View\Helper\FormHelper.php, line 1175
Cake\View\Helper\FormHelper::input() - CORE\src\View\Helper\FormHelper.php, line 1024
include - APP/Template\Users\add.ctp, line 6
Cake\View\View::_evaluate() - CORE\src\View\View.php, line 1005
Cake\View\View::_render() - CORE\src\View\View.php, line 964
Cake\View\View::render() - CORE\src\View\View.php, line 588
Cake\Controller\Controller::render() - CORE\src\Controller\Controller.php, line 617
Cake\Routing\Dispatcher::_invoke() - CORE\src\Routing\Dispatcher.php, line 120
Cake\Routing\Dispatcher::dispatch() - CORE\src\Routing\Dispatcher.php, line 87
[main] - ROOT\webroot\index.php, line 37



2016-08-26 14:09:16 Notice: Strict (2048): Declaration of App\Model\Table\UsersTable::validationDefault() should be compatible with Cake\ORM\Table::validationDefault(Cake\Validation\Validator $validator) in [C:\xampp\htdocs\cakephp-tuts\src\Model\Table\UsersTable.php, line 6]
Request URL: /cakephp-tuts/users/add
Trace:
Cake\Error\BaseErrorHandler::handleError() - CORE\src\Error\BaseErrorHandler.php, line 146
include - APP/Model\Table\UsersTable.php, line 6
Composer\Autoload\includeFile - ROOT\vendor\composer\ClassLoader.php, line 412
Composer\Autoload\ClassLoader::loadClass() - ROOT\vendor\composer\ClassLoader.php, line 301
spl_autoload_call - [internal], line ??
class_exists - [internal], line ??
Cake\Core\App::_classExistsInBase() - CORE\src\Core\App.php, line 152
Cake\Core\App::className() - CORE\src\Core\App.php, line 64
Cake\ORM\Locator\TableLocator::_getClassName() - CORE\src\ORM\Locator\TableLocator.php, line 199
Cake\ORM\Locator\TableLocator::get() - CORE\src\ORM\Locator\TableLocator.php, line 156
Cake\Controller\Controller::loadModel() - CORE\src\Datasource\ModelAwareTrait.php, line 114
Cake\Controller\Controller::__get() - CORE\src\Controller\Controller.php, line 350
App\Controller\UsersController::add() - APP/Controller\UsersController.php, line 26
Cake\Controller\Controller::invokeAction() - CORE\src\Controller\Controller.php, line 435
Cake\Routing\Dispatcher::_invoke() - CORE\src\Routing\Dispatcher.php, line 114
Cake\Routing\Dispatcher::dispatch() - CORE\src\Routing\Dispatcher.php, line 87
[main] - ROOT\webroot\index.php, line 37



2016-08-26 14:09:16 Notice: Notice (8): Undefined variable: vlidator in [C:\xampp\htdocs\cakephp-tuts\src\Model\Table\UsersTable.php, line 14]
Request URL: /cakephp-tuts/users/add
Trace:
Cake\Error\BaseErrorHandler::handleError() - CORE\src\Error\BaseErrorHandler.php, line 146
App\Model\Table\UsersTable::validationDefault() - APP/Model\Table\UsersTable.php, line 14
Cake\ORM\Table::validator() - CORE\src\Validation\ValidatorAwareTrait.php, line 108
Cake\View\Form\EntityContext::_getValidator() - CORE\src\View\Form\EntityContext.php, line 420
Cake\View\Form\EntityContext::isRequired() - CORE\src\View\Form\EntityContext.php, line 363
Cake\View\Helper\FormHelper::_magicOptions() - CORE\src\View\Helper\FormHelper.php, line 1276
Cake\View\Helper\FormHelper::_parseOptions() - CORE\src\View\Helper\FormHelper.php, line 1175
Cake\View\Helper\FormHelper::input() - CORE\src\View\Helper\FormHelper.php, line 1024
include - APP/Template\Users\add.ctp, line 6
Cake\View\View::_evaluate() - CORE\src\View\View.php, line 1005
Cake\View\View::_render() - CORE\src\View\View.php, line 964
Cake\View\View::render() - CORE\src\View\View.php, line 588
Cake\Controller\Controller::render() - CORE\src\Controller\Controller.php, line 617
Cake\Routing\Dispatcher::_invoke() - CORE\src\Routing\Dispatcher.php, line 120
Cake\Routing\Dispatcher::dispatch() - CORE\src\Routing\Dispatcher.php, line 87
[main] - ROOT\webroot\index.php, line 37



2016-08-26 14:10:30 Notice: Strict (2048): Declaration of App\Model\Table\UsersTable::validationDefault() should be compatible with Cake\ORM\Table::validationDefault(Cake\Validation\Validator $validator) in [C:\xampp\htdocs\cakephp-tuts\src\Model\Table\UsersTable.php, line 6]
Request URL: /cakephp-tuts/users/add
Trace:
Cake\Error\BaseErrorHandler::handleError() - CORE\src\Error\BaseErrorHandler.php, line 146
include - APP/Model\Table\UsersTable.php, line 6
Composer\Autoload\includeFile - ROOT\vendor\composer\ClassLoader.php, line 412
Composer\Autoload\ClassLoader::loadClass() - ROOT\vendor\composer\ClassLoader.php, line 301
spl_autoload_call - [internal], line ??
class_exists - [internal], line ??
Cake\Core\App::_classExistsInBase() - CORE\src\Core\App.php, line 152
Cake\Core\App::className() - CORE\src\Core\App.php, line 64
Cake\ORM\Locator\TableLocator::_getClassName() - CORE\src\ORM\Locator\TableLocator.php, line 199
Cake\ORM\Locator\TableLocator::get() - CORE\src\ORM\Locator\TableLocator.php, line 156
Cake\Controller\Controller::loadModel() - CORE\src\Datasource\ModelAwareTrait.php, line 114
Cake\Controller\Controller::__get() - CORE\src\Controller\Controller.php, line 350
App\Controller\UsersController::add() - APP/Controller\UsersController.php, line 26
Cake\Controller\Controller::invokeAction() - CORE\src\Controller\Controller.php, line 435
Cake\Routing\Dispatcher::_invoke() - CORE\src\Routing\Dispatcher.php, line 114
Cake\Routing\Dispatcher::dispatch() - CORE\src\Routing\Dispatcher.php, line 87
[main] - ROOT\webroot\index.php, line 37



2016-08-26 14:10:30 Notice: Notice (8): Undefined variable: vlidator in [C:\xampp\htdocs\cakephp-tuts\src\Model\Table\UsersTable.php, line 14]
Request URL: /cakephp-tuts/users/add
Trace:
Cake\Error\BaseErrorHandler::handleError() - CORE\src\Error\BaseErrorHandler.php, line 146
App\Model\Table\UsersTable::validationDefault() - APP/Model\Table\UsersTable.php, line 14
Cake\ORM\Table::validator() - CORE\src\Validation\ValidatorAwareTrait.php, line 108
Cake\View\Form\EntityContext::_getValidator() - CORE\src\View\Form\EntityContext.php, line 420
Cake\View\Form\EntityContext::isRequired() - CORE\src\View\Form\EntityContext.php, line 363
Cake\View\Helper\FormHelper::_magicOptions() - CORE\src\View\Helper\FormHelper.php, line 1276
Cake\View\Helper\FormHelper::_parseOptions() - CORE\src\View\Helper\FormHelper.php, line 1175
Cake\View\Helper\FormHelper::input() - CORE\src\View\Helper\FormHelper.php, line 1024
include - APP/Template\Users\add.ctp, line 6
Cake\View\View::_evaluate() - CORE\src\View\View.php, line 1005
Cake\View\View::_render() - CORE\src\View\View.php, line 964
Cake\View\View::render() - CORE\src\View\View.php, line 588
Cake\Controller\Controller::render() - CORE\src\Controller\Controller.php, line 617
Cake\Routing\Dispatcher::_invoke() - CORE\src\Routing\Dispatcher.php, line 120
Cake\Routing\Dispatcher::dispatch() - CORE\src\Routing\Dispatcher.php, line 87
[main] - ROOT\webroot\index.php, line 37



2016-08-26 14:11:47 Notice: Strict (2048): Declaration of App\Model\Table\UsersTable::validationDefault() should be compatible with Cake\ORM\Table::validationDefault(Cake\Validation\Validator $validator) in [C:\xampp\htdocs\cakephp-tuts\src\Model\Table\UsersTable.php, line 6]
Request URL: /cakephp-tuts/users/add
Trace:
Cake\Error\BaseErrorHandler::handleError() - CORE\src\Error\BaseErrorHandler.php, line 146
include - APP/Model\Table\UsersTable.php, line 6
Composer\Autoload\includeFile - ROOT\vendor\composer\ClassLoader.php, line 412
Composer\Autoload\ClassLoader::loadClass() - ROOT\vendor\composer\ClassLoader.php, line 301
spl_autoload_call - [internal], line ??
class_exists - [internal], line ??
Cake\Core\App::_classExistsInBase() - CORE\src\Core\App.php, line 152
Cake\Core\App::className() - CORE\src\Core\App.php, line 64
Cake\ORM\Locator\TableLocator::_getClassName() - CORE\src\ORM\Locator\TableLocator.php, line 199
Cake\ORM\Locator\TableLocator::get() - CORE\src\ORM\Locator\TableLocator.php, line 156
Cake\Controller\Controller::loadModel() - CORE\src\Datasource\ModelAwareTrait.php, line 114
Cake\Controller\Controller::__get() - CORE\src\Controller\Controller.php, line 350
App\Controller\UsersController::add() - APP/Controller\UsersController.php, line 26
Cake\Controller\Controller::invokeAction() - CORE\src\Controller\Controller.php, line 435
Cake\Routing\Dispatcher::_invoke() - CORE\src\Routing\Dispatcher.php, line 114
Cake\Routing\Dispatcher::dispatch() - CORE\src\Routing\Dispatcher.php, line 87
[main] - ROOT\webroot\index.php, line 37



2016-08-26 14:11:47 Notice: Notice (8): Undefined variable: vlidator in [C:\xampp\htdocs\cakephp-tuts\src\Model\Table\UsersTable.php, line 14]
Request URL: /cakephp-tuts/users/add
Trace:
Cake\Error\BaseErrorHandler::handleError() - CORE\src\Error\BaseErrorHandler.php, line 146
App\Model\Table\UsersTable::validationDefault() - APP/Model\Table\UsersTable.php, line 14
Cake\ORM\Table::validator() - CORE\src\Validation\ValidatorAwareTrait.php, line 108
Cake\View\Form\EntityContext::_getValidator() - CORE\src\View\Form\EntityContext.php, line 420
Cake\View\Form\EntityContext::isRequired() - CORE\src\View\Form\EntityContext.php, line 363
Cake\View\Helper\FormHelper::_magicOptions() - CORE\src\View\Helper\FormHelper.php, line 1276
Cake\View\Helper\FormHelper::_parseOptions() - CORE\src\View\Helper\FormHelper.php, line 1175
Cake\View\Helper\FormHelper::input() - CORE\src\View\Helper\FormHelper.php, line 1024
include - APP/Template\Users\add.ctp, line 6
Cake\View\View::_evaluate() - CORE\src\View\View.php, line 1005
Cake\View\View::_render() - CORE\src\View\View.php, line 964
Cake\View\View::render() - CORE\src\View\View.php, line 588
Cake\Controller\Controller::render() - CORE\src\Controller\Controller.php, line 617
Cake\Routing\Dispatcher::_invoke() - CORE\src\Routing\Dispatcher.php, line 120
Cake\Routing\Dispatcher::dispatch() - CORE\src\Routing\Dispatcher.php, line 87
[main] - ROOT\webroot\index.php, line 37



2016-08-26 14:14:13 Notice: Strict (2048): Declaration of App\Model\Table\UsersTable::validationDefault() should be compatible with Cake\ORM\Table::validationDefault(Cake\Validation\Validator $validator) in [C:\xampp\htdocs\cakephp-tuts\src\Model\Table\UsersTable.php, line 6]
Request URL: /cakephp-tuts/users/add
Trace:
Cake\Error\BaseErrorHandler::handleError() - CORE\src\Error\BaseErrorHandler.php, line 146
include - APP/Model\Table\UsersTable.php, line 6
Composer\Autoload\includeFile - ROOT\vendor\composer\ClassLoader.php, line 412
Composer\Autoload\ClassLoader::loadClass() - ROOT\vendor\composer\ClassLoader.php, line 301
spl_autoload_call - [internal], line ??
class_exists - [internal], line ??
Cake\Core\App::_classExistsInBase() - CORE\src\Core\App.php, line 152
Cake\Core\App::className() - CORE\src\Core\App.php, line 64
Cake\ORM\Locator\TableLocator::_getClassName() - CORE\src\ORM\Locator\TableLocator.php, line 199
Cake\ORM\Locator\TableLocator::get() - CORE\src\ORM\Locator\TableLocator.php, line 156
Cake\Controller\Controller::loadModel() - CORE\src\Datasource\ModelAwareTrait.php, line 114
Cake\Controller\Controller::__get() - CORE\src\Controller\Controller.php, line 350
App\Controller\UsersController::add() - APP/Controller\UsersController.php, line 26
Cake\Controller\Controller::invokeAction() - CORE\src\Controller\Controller.php, line 435
Cake\Routing\Dispatcher::_invoke() - CORE\src\Routing\Dispatcher.php, line 114
Cake\Routing\Dispatcher::dispatch() - CORE\src\Routing\Dispatcher.php, line 87
[main] - ROOT\webroot\index.php, line 37



2016-08-26 14:14:13 Notice: Notice (8): Undefined variable: vlidator in [C:\xampp\htdocs\cakephp-tuts\src\Model\Table\UsersTable.php, line 14]
Request URL: /cakephp-tuts/users/add
Trace:
Cake\Error\BaseErrorHandler::handleError() - CORE\src\Error\BaseErrorHandler.php, line 146
App\Model\Table\UsersTable::validationDefault() - APP/Model\Table\UsersTable.php, line 14
Cake\ORM\Table::validator() - CORE\src\Validation\ValidatorAwareTrait.php, line 108
Cake\View\Form\EntityContext::_getValidator() - CORE\src\View\Form\EntityContext.php, line 420
Cake\View\Form\EntityContext::isRequired() - CORE\src\View\Form\EntityContext.php, line 363
Cake\View\Helper\FormHelper::_magicOptions() - CORE\src\View\Helper\FormHelper.php, line 1276
Cake\View\Helper\FormHelper::_parseOptions() - CORE\src\View\Helper\FormHelper.php, line 1175
Cake\View\Helper\FormHelper::input() - CORE\src\View\Helper\FormHelper.php, line 1024
include - APP/Template\Users\add.ctp, line 6
Cake\View\View::_evaluate() - CORE\src\View\View.php, line 1005
Cake\View\View::_render() - CORE\src\View\View.php, line 964
Cake\View\View::render() - CORE\src\View\View.php, line 588
Cake\Controller\Controller::render() - CORE\src\Controller\Controller.php, line 617
Cake\Routing\Dispatcher::_invoke() - CORE\src\Routing\Dispatcher.php, line 120
Cake\Routing\Dispatcher::dispatch() - CORE\src\Routing\Dispatcher.php, line 87
[main] - ROOT\webroot\index.php, line 37



2016-08-26 14:15:16 Notice: Notice (8): Undefined variable: vlidator in [C:\xampp\htdocs\cakephp-tuts\src\Model\Table\UsersTable.php, line 14]
Request URL: /cakephp-tuts/users/add
Trace:
Cake\Error\BaseErrorHandler::handleError() - CORE\src\Error\BaseErrorHandler.php, line 146
App\Model\Table\UsersTable::validationDefault() - APP/Model\Table\UsersTable.php, line 14
Cake\ORM\Table::validator() - CORE\src\Validation\ValidatorAwareTrait.php, line 108
Cake\View\Form\EntityContext::_getValidator() - CORE\src\View\Form\EntityContext.php, line 420
Cake\View\Form\EntityContext::isRequired() - CORE\src\View\Form\EntityContext.php, line 363
Cake\View\Helper\FormHelper::_magicOptions() - CORE\src\View\Helper\FormHelper.php, line 1276
Cake\View\Helper\FormHelper::_parseOptions() - CORE\src\View\Helper\FormHelper.php, line 1175
Cake\View\Helper\FormHelper::input() - CORE\src\View\Helper\FormHelper.php, line 1024
include - APP/Template\Users\add.ctp, line 6
Cake\View\View::_evaluate() - CORE\src\View\View.php, line 1005
Cake\View\View::_render() - CORE\src\View\View.php, line 964
Cake\View\View::render() - CORE\src\View\View.php, line 588
Cake\Controller\Controller::render() - CORE\src\Controller\Controller.php, line 617
Cake\Routing\Dispatcher::_invoke() - CORE\src\Routing\Dispatcher.php, line 120
Cake\Routing\Dispatcher::dispatch() - CORE\src\Routing\Dispatcher.php, line 87
[main] - ROOT\webroot\index.php, line 37



2016-08-26 14:15:59 Notice: Notice (8): Undefined variable: vlidator in [C:\xampp\htdocs\cakephp-tuts\src\Model\Table\UsersTable.php, line 14]
Request URL: /cakephp-tuts/users/add
Trace:
Cake\Error\BaseErrorHandler::handleError() - CORE\src\Error\BaseErrorHandler.php, line 146
App\Model\Table\UsersTable::validationDefault() - APP/Model\Table\UsersTable.php, line 14
Cake\ORM\Table::validator() - CORE\src\Validation\ValidatorAwareTrait.php, line 108
Cake\View\Form\EntityContext::_getValidator() - CORE\src\View\Form\EntityContext.php, line 420
Cake\View\Form\EntityContext::isRequired() - CORE\src\View\Form\EntityContext.php, line 363
Cake\View\Helper\FormHelper::_magicOptions() - CORE\src\View\Helper\FormHelper.php, line 1276
Cake\View\Helper\FormHelper::_parseOptions() - CORE\src\View\Helper\FormHelper.php, line 1175
Cake\View\Helper\FormHelper::input() - CORE\src\View\Helper\FormHelper.php, line 1024
include - APP/Template\Users\add.ctp, line 6
Cake\View\View::_evaluate() - CORE\src\View\View.php, line 1005
Cake\View\View::_render() - CORE\src\View\View.php, line 964
Cake\View\View::render() - CORE\src\View\View.php, line 588
Cake\Controller\Controller::render() - CORE\src\Controller\Controller.php, line 617
Cake\Routing\Dispatcher::_invoke() - CORE\src\Routing\Dispatcher.php, line 120
Cake\Routing\Dispatcher::dispatch() - CORE\src\Routing\Dispatcher.php, line 87
[main] - ROOT\webroot\index.php, line 37



2016-08-26 19:14:04 Notice: Deprecated (16384): Validation::notEmpty() is deprecated. Use Validation::notBlank() instead. in [C:\xampp\htdocs\cakephp-tuts\vendor\cakephp\cakephp\src\Validation\Validation.php, line 68]
Request URL: /cakephp-tuts/users/add
Referer URL: http://localhost/cakephp-tuts/users/add
Trace:
Cake\Error\BaseErrorHandler::handleError() - CORE\src\Error\BaseErrorHandler.php, line 146
Cake\Validation\Validation::notEmpty() - CORE\src\Validation\Validation.php, line 68
ReflectionMethod::invokeArgs() - [internal], line ??
Cake\Validation\RulesProvider::__call() - CORE\src\Validation\RulesProvider.php, line 72
Cake\Validation\RulesProvider::notEmpty() - CORE\src\Validation\ValidationRule.php, line 140
Cake\Validation\ValidationRule::process() - CORE\src\Validation\ValidationRule.php, line 140
Cake\Validation\Validator::_processRules() - CORE\src\Validation\Validator.php, line 1583
Cake\Validation\Validator::errors() - CORE\src\Validation\Validator.php, line 137
Cake\ORM\Marshaller::_validate() - CORE\src\ORM\Marshaller.php, line 215
Cake\ORM\Marshaller::merge() - CORE\src\ORM\Marshaller.php, line 504
Cake\ORM\Table::patchEntity() - CORE\src\ORM\Table.php, line 2207
App\Controller\UsersController::add() - APP/Controller\UsersController.php, line 28
Cake\Controller\Controller::invokeAction() - CORE\src\Controller\Controller.php, line 435
Cake\Routing\Dispatcher::_invoke() - CORE\src\Routing\Dispatcher.php, line 114
Cake\Routing\Dispatcher::dispatch() - CORE\src\Routing\Dispatcher.php, line 87
[main] - ROOT\webroot\index.php, line 37



2016-08-27 03:10:50 Notice: Notice (8): Undefined variable: user in [C:\xampp\htdocs\cakephp-tuts\src\Template\Clients\add.ctp, line 4]
Request URL: /cakephp-tuts/clients/add
Trace:
Cake\Error\BaseErrorHandler::handleError() - CORE\src\Error\BaseErrorHandler.php, line 146
include - APP/Template\Clients\add.ctp, line 4
Cake\View\View::_evaluate() - CORE\src\View\View.php, line 1005
Cake\View\View::_render() - CORE\src\View\View.php, line 964
Cake\View\View::render() - CORE\src\View\View.php, line 588
Cake\Controller\Controller::render() - CORE\src\Controller\Controller.php, line 617
Cake\Routing\Dispatcher::_invoke() - CORE\src\Routing\Dispatcher.php, line 120
Cake\Routing\Dispatcher::dispatch() - CORE\src\Routing\Dispatcher.php, line 87
[main] - ROOT\webroot\index.php, line 37



2016-08-28 14:12:53 Notice: Notice (8): Undefined variable: user in [C:\xampp\htdocs\cakephp-tuts\src\Template\Users\login.ctp, line 4]
Request URL: /cakephp-tuts/users/login
Trace:
Cake\Error\BaseErrorHandler::handleError() - CORE\src\Error\BaseErrorHandler.php, line 146
include - APP/Template\Users\login.ctp, line 4
Cake\View\View::_evaluate() - CORE\src\View\View.php, line 1005
Cake\View\View::_render() - CORE\src\View\View.php, line 964
Cake\View\View::render() - CORE\src\View\View.php, line 588
Cake\Controller\Controller::render() - CORE\src\Controller\Controller.php, line 617
Cake\Routing\Dispatcher::_invoke() - CORE\src\Routing\Dispatcher.php, line 120
Cake\Routing\Dispatcher::dispatch() - CORE\src\Routing\Dispatcher.php, line 87
[main] - ROOT\webroot\index.php, line 37



2016-08-28 15:37:03 Notice: Deprecated (16384): SessionHelper has been deprecated. Use request->session() instead. in [C:\xampp\htdocs\cakephp-tuts\vendor\cakephp\cakephp\src\View\Helper\SessionHelper.php, line 39]
Request URL: /cakephp-tuts/topics
Trace:
Cake\Error\BaseErrorHandler::handleError() - CORE\src\Error\BaseErrorHandler.php, line 146
Cake\View\Helper\SessionHelper::__construct() - CORE\src\View\Helper\SessionHelper.php, line 39
Cake\View\HelperRegistry::_create() - CORE\src\View\HelperRegistry.php, line 144
Cake\Core\ObjectRegistry::load() - CORE\src\Core\ObjectRegistry.php, line 93
Cake\View\HelperRegistry::__isset() - CORE\src\View\HelperRegistry.php, line 66
Cake\View\View::__get() - CORE\src\View\View.php, line 896
include - APP/Template\Topics\index.ctp, line 36
Cake\View\View::_evaluate() - CORE\src\View\View.php, line 1005
Cake\View\View::_render() - CORE\src\View\View.php, line 964
Cake\View\View::render() - CORE\src\View\View.php, line 588
Cake\Controller\Controller::render() - CORE\src\Controller\Controller.php, line 617
Cake\Routing\Dispatcher::_invoke() - CORE\src\Routing\Dispatcher.php, line 120
Cake\Routing\Dispatcher::dispatch() - CORE\src\Routing\Dispatcher.php, line 87
[main] - ROOT\webroot\index.php, line 37



2016-08-28 16:40:54 Notice: Notice (8): Undefined variable: _SESSION in [C:\xampp\htdocs\cakephp-tuts\src\Controller\TopicsController.php, line 19]
Request URL: /cakephp-tuts/topics
Referer URL: http://localhost/cakephp-tuts/users/login
Trace:
Cake\Error\BaseErrorHandler::handleError() - CORE\src\Error\BaseErrorHandler.php, line 146
App\Controller\TopicsController::initialize() - APP/Controller\TopicsController.php, line 19
Cake\Controller\Controller::__construct() - CORE\src\Controller\Controller.php, line 262
ReflectionClass::newInstance() - [internal], line ??
Cake\Routing\Filter\ControllerFactoryFilter::_getController() - CORE\src\Routing\Filter\ControllerFactoryFilter.php, line 101
Cake\Routing\Filter\ControllerFactoryFilter::beforeDispatch() - CORE\src\Routing\Filter\ControllerFactoryFilter.php, line 51
Cake\Routing\DispatcherFilter::handle() - CORE\src\Routing\DispatcherFilter.php, line 144
Cake\Event\EventManager::_callListener() - CORE\src\Event\EventManager.php, line 425
Cake\Event\EventManager::dispatch() - CORE\src\Event\EventManager.php, line 386
Cake\Routing\Dispatcher::dispatchEvent() - CORE\src\Event\EventDispatcherTrait.php, line 78
Cake\Routing\Dispatcher::dispatch() - CORE\src\Routing\Dispatcher.php, line 61
[main] - ROOT\webroot\index.php, line 37



2016-08-29 18:28:03 Notice: Strict (2048): Declaration of App\Model\Table\UsersTable::buildRules() should be compatible with Cake\ORM\Table::buildRules(Cake\ORM\RulesChecker $rules) in [C:\xampp\htdocs\cakephp-tuts\src\Model\Table\UsersTable.php, line 10]
Request URL: /cakephp-tuts/users/add
Trace:
Cake\Error\BaseErrorHandler::handleError() - CORE\src\Error\BaseErrorHandler.php, line 146
include - APP/Model\Table\UsersTable.php, line 10
Composer\Autoload\includeFile - ROOT\vendor\composer\ClassLoader.php, line 412
Composer\Autoload\ClassLoader::loadClass() - ROOT\vendor\composer\ClassLoader.php, line 301
spl_autoload_call - [internal], line ??
class_exists - [internal], line ??
Cake\Core\App::_classExistsInBase() - CORE\src\Core\App.php, line 152
Cake\Core\App::className() - CORE\src\Core\App.php, line 64
Cake\ORM\Locator\TableLocator::_getClassName() - CORE\src\ORM\Locator\TableLocator.php, line 199
Cake\ORM\Locator\TableLocator::get() - CORE\src\ORM\Locator\TableLocator.php, line 156
Cake\Controller\Controller::loadModel() - CORE\src\Datasource\ModelAwareTrait.php, line 114
Cake\Controller\Controller::__get() - CORE\src\Controller\Controller.php, line 350
App\Controller\UsersController::add() - APP/Controller\UsersController.php, line 47
Cake\Controller\Controller::invokeAction() - CORE\src\Controller\Controller.php, line 435
Cake\Routing\Dispatcher::_invoke() - CORE\src\Routing\Dispatcher.php, line 114
Cake\Routing\Dispatcher::dispatch() - CORE\src\Routing\Dispatcher.php, line 87
[main] - ROOT\webroot\index.php, line 37



2016-08-29 18:30:35 Notice: Strict (2048): Declaration of App\Model\Table\UsersTable::buildRules() should be compatible with Cake\ORM\Table::buildRules(Cake\ORM\RulesChecker $rules) in [C:\xampp\htdocs\cakephp-tuts\src\Model\Table\UsersTable.php, line 11]
Request URL: /cakephp-tuts/users/add
Trace:
Cake\Error\BaseErrorHandler::handleError() - CORE\src\Error\BaseErrorHandler.php, line 146
include - APP/Model\Table\UsersTable.php, line 11
Composer\Autoload\includeFile - ROOT\vendor\composer\ClassLoader.php, line 412
Composer\Autoload\ClassLoader::loadClass() - ROOT\vendor\composer\ClassLoader.php, line 301
spl_autoload_call - [internal], line ??
class_exists - [internal], line ??
Cake\Core\App::_classExistsInBase() - CORE\src\Core\App.php, line 152
Cake\Core\App::className() - CORE\src\Core\App.php, line 64
Cake\ORM\Locator\TableLocator::_getClassName() - CORE\src\ORM\Locator\TableLocator.php, line 199
Cake\ORM\Locator\TableLocator::get() - CORE\src\ORM\Locator\TableLocator.php, line 156
Cake\Controller\Controller::loadModel() - CORE\src\Datasource\ModelAwareTrait.php, line 114
Cake\Controller\Controller::__get() - CORE\src\Controller\Controller.php, line 350
App\Controller\UsersController::add() - APP/Controller\UsersController.php, line 47
Cake\Controller\Controller::invokeAction() - CORE\src\Controller\Controller.php, line 435
Cake\Routing\Dispatcher::_invoke() - CORE\src\Routing\Dispatcher.php, line 114
Cake\Routing\Dispatcher::dispatch() - CORE\src\Routing\Dispatcher.php, line 87
[main] - ROOT\webroot\index.php, line 37



2016-08-29 18:39:29 Notice: Notice (8): Undefined index: Users in [C:\xampp\htdocs\cakephp-tuts\vendor\cakephp\cakephp\src\Validation\ValidationRule.php, line 124]
Request URL: /cakephp-tuts/users/add
Referer URL: http://localhost/cakephp-tuts/users/add
Trace:
Cake\Error\BaseErrorHandler::handleError() - CORE\src\Error\BaseErrorHandler.php, line 146
Cake\Validation\ValidationRule::process() - CORE\src\Validation\ValidationRule.php, line 124
Cake\Validation\Validator::_processRules() - CORE\src\Validation\Validator.php, line 1583
Cake\Validation\Validator::errors() - CORE\src\Validation\Validator.php, line 137
Cake\ORM\Marshaller::_validate() - CORE\src\ORM\Marshaller.php, line 215
Cake\ORM\Marshaller::merge() - CORE\src\ORM\Marshaller.php, line 504
Cake\ORM\Table::patchEntity() - CORE\src\ORM\Table.php, line 2207
App\Controller\UsersController::add() - APP/Controller\UsersController.php, line 49
Cake\Controller\Controller::invokeAction() - CORE\src\Controller\Controller.php, line 435
Cake\Routing\Dispatcher::_invoke() - CORE\src\Routing\Dispatcher.php, line 114
Cake\Routing\Dispatcher::dispatch() - CORE\src\Routing\Dispatcher.php, line 87
[main] - ROOT\webroot\index.php, line 37



2018-12-24 10:28:43 Notice: Notice (8): Undefined index: policy_type in [D:\xampp\htdocs\policyapp1\src\Controller\ArticlesController.php, line 56]
Request URL: /policyapp1/articles/add
Referer URL: http://localhost/policyapp1/articles/add
Trace:
Cake\Error\BaseErrorHandler::handleError() - CORE\src\Error\BaseErrorHandler.php, line 146
App\Controller\ArticlesController::add() - APP/Controller\ArticlesController.php, line 56
Cake\Controller\Controller::invokeAction() - CORE\src\Controller\Controller.php, line 435
Cake\Routing\Dispatcher::_invoke() - CORE\src\Routing\Dispatcher.php, line 114
Cake\Routing\Dispatcher::dispatch() - CORE\src\Routing\Dispatcher.php, line 87
[main] - ROOT\webroot\index.php, line 36



2018-12-24 10:29:49 Notice: Notice (8): Undefined index: policy_type in [D:\xampp\htdocs\policyapp1\src\Controller\ArticlesController.php, line 57]
Request URL: /policyapp1/articles/add
Referer URL: http://localhost/policyapp1/articles/add
Trace:
Cake\Error\BaseErrorHandler::handleError() - CORE\src\Error\BaseErrorHandler.php, line 146
App\Controller\ArticlesController::add() - APP/Controller\ArticlesController.php, line 57
Cake\Controller\Controller::invokeAction() - CORE\src\Controller\Controller.php, line 435
Cake\Routing\Dispatcher::_invoke() - CORE\src\Routing\Dispatcher.php, line 114
Cake\Routing\Dispatcher::dispatch() - CORE\src\Routing\Dispatcher.php, line 87
[main] - ROOT\webroot\index.php, line 36



2018-12-24 15:03:17 Notice: Notice (8): Undefined variable: id in [D:\xampp\htdocs\policyapp1\src\Controller\ArticlesController.php, line 123]
Request URL: /policyapp1/articles/edit
Referer URL: http://localhost/policyapp1/articles/edit/17
Trace:
Cake\Error\BaseErrorHandler::handleError() - CORE\src\Error\BaseErrorHandler.php, line 146
App\Controller\ArticlesController::edit() - APP/Controller\ArticlesController.php, line 123
Cake\Controller\Controller::invokeAction() - CORE\src\Controller\Controller.php, line 435
Cake\Routing\Dispatcher::_invoke() - CORE\src\Routing\Dispatcher.php, line 114
Cake\Routing\Dispatcher::dispatch() - CORE\src\Routing\Dispatcher.php, line 87
[main] - ROOT\webroot\index.php, line 36



2018-12-24 15:05:01 Notice: Notice (8): Undefined variable: id in [D:\xampp\htdocs\policyapp1\src\Controller\ArticlesController.php, line 124]
Request URL: /policyapp1/articles/edit
Referer URL: http://localhost/policyapp1/articles/edit/17
Trace:
Cake\Error\BaseErrorHandler::handleError() - CORE\src\Error\BaseErrorHandler.php, line 146
App\Controller\ArticlesController::edit() - APP/Controller\ArticlesController.php, line 124
Cake\Controller\Controller::invokeAction() - CORE\src\Controller\Controller.php, line 435
Cake\Routing\Dispatcher::_invoke() - CORE\src\Routing\Dispatcher.php, line 114
Cake\Routing\Dispatcher::dispatch() - CORE\src\Routing\Dispatcher.php, line 87
[main] - ROOT\webroot\index.php, line 36



2018-12-24 15:09:21 Notice: Notice (8): Undefined variable: article in [D:\xampp\htdocs\policyapp1\src\Controller\ArticlesController.php, line 156]
Request URL: /policyapp1/articles/edit/17
Referer URL: http://localhost/policyapp1/articles/edit/17
Trace:
Cake\Error\BaseErrorHandler::handleError() - CORE\src\Error\BaseErrorHandler.php, line 146
App\Controller\ArticlesController::edit() - APP/Controller\ArticlesController.php, line 156
Cake\Controller\Controller::invokeAction() - CORE\src\Controller\Controller.php, line 435
Cake\Routing\Dispatcher::_invoke() - CORE\src\Routing\Dispatcher.php, line 114
Cake\Routing\Dispatcher::dispatch() - CORE\src\Routing\Dispatcher.php, line 87
[main] - ROOT\webroot\index.php, line 36



2018-12-24 15:09:34 Notice: Notice (8): Undefined variable: article in [D:\xampp\htdocs\policyapp1\src\Controller\ArticlesController.php, line 156]
Request URL: /policyapp1/articles/edit/17
Referer URL: http://localhost/policyapp1/articles/edit/17
Trace:
Cake\Error\BaseErrorHandler::handleError() - CORE\src\Error\BaseErrorHandler.php, line 146
App\Controller\ArticlesController::edit() - APP/Controller\ArticlesController.php, line 156
Cake\Controller\Controller::invokeAction() - CORE\src\Controller\Controller.php, line 435
Cake\Routing\Dispatcher::_invoke() - CORE\src\Routing\Dispatcher.php, line 114
Cake\Routing\Dispatcher::dispatch() - CORE\src\Routing\Dispatcher.php, line 87
[main] - ROOT\webroot\index.php, line 36



2018-12-24 15:11:51 Notice: Notice (8): Undefined variable: postedData in [D:\xampp\htdocs\policyapp1\src\Controller\ArticlesController.php, line 127]
Request URL: /policyapp1/articles/edit
Referer URL: http://localhost/policyapp1/articles/edit/17
Trace:
Cake\Error\BaseErrorHandler::handleError() - CORE\src\Error\BaseErrorHandler.php, line 146
App\Controller\ArticlesController::edit() - APP/Controller\ArticlesController.php, line 127
Cake\Controller\Controller::invokeAction() - CORE\src\Controller\Controller.php, line 435
Cake\Routing\Dispatcher::_invoke() - CORE\src\Routing\Dispatcher.php, line 114
Cake\Routing\Dispatcher::dispatch() - CORE\src\Routing\Dispatcher.php, line 87
[main] - ROOT\webroot\index.php, line 36



2018-12-24 15:12:16 Notice: Notice (8): Undefined variable: postedData in [D:\xampp\htdocs\policyapp1\src\Controller\ArticlesController.php, line 127]
Request URL: /policyapp1/articles/edit
Referer URL: http://localhost/policyapp1/articles/edit/17
Trace:
Cake\Error\BaseErrorHandler::handleError() - CORE\src\Error\BaseErrorHandler.php, line 146
App\Controller\ArticlesController::edit() - APP/Controller\ArticlesController.php, line 127
Cake\Controller\Controller::invokeAction() - CORE\src\Controller\Controller.php, line 435
Cake\Routing\Dispatcher::_invoke() - CORE\src\Routing\Dispatcher.php, line 114
Cake\Routing\Dispatcher::dispatch() - CORE\src\Routing\Dispatcher.php, line 87
[main] - ROOT\webroot\index.php, line 36



2018-12-24 15:12:31 Notice: Notice (8): Undefined variable: postedData in [D:\xampp\htdocs\policyapp1\src\Controller\ArticlesController.php, line 127]
Request URL: /policyapp1/articles/edit
Referer URL: http://localhost/policyapp1/articles/edit/17
Trace:
Cake\Error\BaseErrorHandler::handleError() - CORE\src\Error\BaseErrorHandler.php, line 146
App\Controller\ArticlesController::edit() - APP/Controller\ArticlesController.php, line 127
Cake\Controller\Controller::invokeAction() - CORE\src\Controller\Controller.php, line 435
Cake\Routing\Dispatcher::_invoke() - CORE\src\Routing\Dispatcher.php, line 114
Cake\Routing\Dispatcher::dispatch() - CORE\src\Routing\Dispatcher.php, line 87
[main] - ROOT\webroot\index.php, line 36



2018-12-24 15:12:50 Notice: Notice (8): Undefined index: id in [D:\xampp\htdocs\policyapp1\src\Controller\ArticlesController.php, line 129]
Request URL: /policyapp1/articles/edit
Referer URL: http://localhost/policyapp1/articles/edit/17
Trace:
Cake\Error\BaseErrorHandler::handleError() - CORE\src\Error\BaseErrorHandler.php, line 146
App\Controller\ArticlesController::edit() - APP/Controller\ArticlesController.php, line 129
Cake\Controller\Controller::invokeAction() - CORE\src\Controller\Controller.php, line 435
Cake\Routing\Dispatcher::_invoke() - CORE\src\Routing\Dispatcher.php, line 114
Cake\Routing\Dispatcher::dispatch() - CORE\src\Routing\Dispatcher.php, line 87
[main] - ROOT\webroot\index.php, line 36



2018-12-24 15:12:52 Notice: Notice (8): Undefined index: id in [D:\xampp\htdocs\policyapp1\src\Controller\ArticlesController.php, line 129]
Request URL: /policyapp1/articles/edit
Referer URL: http://localhost/policyapp1/articles/edit/17
Trace:
Cake\Error\BaseErrorHandler::handleError() - CORE\src\Error\BaseErrorHandler.php, line 146
App\Controller\ArticlesController::edit() - APP/Controller\ArticlesController.php, line 129
Cake\Controller\Controller::invokeAction() - CORE\src\Controller\Controller.php, line 435
Cake\Routing\Dispatcher::_invoke() - CORE\src\Routing\Dispatcher.php, line 114
Cake\Routing\Dispatcher::dispatch() - CORE\src\Routing\Dispatcher.php, line 87
[main] - ROOT\webroot\index.php, line 36



2018-12-24 15:12:55 Notice: Notice (8): Undefined index: id in [D:\xampp\htdocs\policyapp1\src\Controller\ArticlesController.php, line 129]
Request URL: /policyapp1/articles/edit
Referer URL: http://localhost/policyapp1/articles/edit/17
Trace:
Cake\Error\BaseErrorHandler::handleError() - CORE\src\Error\BaseErrorHandler.php, line 146
App\Controller\ArticlesController::edit() - APP/Controller\ArticlesController.php, line 129
Cake\Controller\Controller::invokeAction() - CORE\src\Controller\Controller.php, line 435
Cake\Routing\Dispatcher::_invoke() - CORE\src\Routing\Dispatcher.php, line 114
Cake\Routing\Dispatcher::dispatch() - CORE\src\Routing\Dispatcher.php, line 87
[main] - ROOT\webroot\index.php, line 36



2018-12-24 15:14:36 Notice: Notice (8): Undefined index: id in [D:\xampp\htdocs\policyapp1\src\Controller\ArticlesController.php, line 129]
Request URL: /policyapp1/articles/edit
Referer URL: http://localhost/policyapp1/articles/edit/17
Trace:
Cake\Error\BaseErrorHandler::handleError() - CORE\src\Error\BaseErrorHandler.php, line 146
App\Controller\ArticlesController::edit() - APP/Controller\ArticlesController.php, line 129
Cake\Controller\Controller::invokeAction() - CORE\src\Controller\Controller.php, line 435
Cake\Routing\Dispatcher::_invoke() - CORE\src\Routing\Dispatcher.php, line 114
Cake\Routing\Dispatcher::dispatch() - CORE\src\Routing\Dispatcher.php, line 87
[main] - ROOT\webroot\index.php, line 36



2018-12-24 15:16:39 Notice: Notice (8): Undefined index: id in [D:\xampp\htdocs\policyapp1\src\Controller\ArticlesController.php, line 129]
Request URL: /policyapp1/articles/edit
Referer URL: http://localhost/policyapp1/articles/edit/17
Trace:
Cake\Error\BaseErrorHandler::handleError() - CORE\src\Error\BaseErrorHandler.php, line 146
App\Controller\ArticlesController::edit() - APP/Controller\ArticlesController.php, line 129
Cake\Controller\Controller::invokeAction() - CORE\src\Controller\Controller.php, line 435
Cake\Routing\Dispatcher::_invoke() - CORE\src\Routing\Dispatcher.php, line 114
Cake\Routing\Dispatcher::dispatch() - CORE\src\Routing\Dispatcher.php, line 87
[main] - ROOT\webroot\index.php, line 36



2018-12-28 11:01:55 Notice: Notice (8): Undefined variable: selectListdata in [D:\xampp\htdocs\policyapp2\vikain\src\Controller\PoliciesController.php, line 63]
Request URL: /policyapp2/vikain/policies/add
Referer URL: http://localhost/policyapp2/vikain/users/edit
Trace:
Cake\Error\BaseErrorHandler::handleError() - CORE\src\Error\BaseErrorHandler.php, line 146
App\Controller\PoliciesController::add() - APP/Controller\PoliciesController.php, line 63
Cake\Controller\Controller::invokeAction() - CORE\src\Controller\Controller.php, line 435
Cake\Routing\Dispatcher::_invoke() - CORE\src\Routing\Dispatcher.php, line 114
Cake\Routing\Dispatcher::dispatch() - CORE\src\Routing\Dispatcher.php, line 87
[main] - ROOT\webroot\index.php, line 36



2018-12-28 11:09:03 Notice: Notice (8): Trying to get property of non-object in [D:\xampp\htdocs\policyapp2\vikain\src\Template\Policies\add.ctp, line 75]
Request URL: /policyapp2/vikain/policies/add
Referer URL: http://localhost/policyapp2/vikain/users/edit
Trace:
Cake\Error\BaseErrorHandler::handleError() - CORE\src\Error\BaseErrorHandler.php, line 146
include - APP/Template\Policies\add.ctp, line 75
Cake\View\View::_evaluate() - CORE\src\View\View.php, line 1005
Cake\View\View::_render() - CORE\src\View\View.php, line 964
Cake\View\View::render() - CORE\src\View\View.php, line 588
Cake\Controller\Controller::render() - CORE\src\Controller\Controller.php, line 617
Cake\Routing\Dispatcher::_invoke() - CORE\src\Routing\Dispatcher.php, line 120
Cake\Routing\Dispatcher::dispatch() - CORE\src\Routing\Dispatcher.php, line 87
[main] - ROOT\webroot\index.php, line 36



2018-12-28 11:09:03 Notice: Notice (8): Trying to get property of non-object in [D:\xampp\htdocs\policyapp2\vikain\src\Template\Policies\add.ctp, line 75]
Request URL: /policyapp2/vikain/policies/add
Referer URL: http://localhost/policyapp2/vikain/users/edit
Trace:
Cake\Error\BaseErrorHandler::handleError() - CORE\src\Error\BaseErrorHandler.php, line 146
include - APP/Template\Policies\add.ctp, line 75
Cake\View\View::_evaluate() - CORE\src\View\View.php, line 1005
Cake\View\View::_render() - CORE\src\View\View.php, line 964
Cake\View\View::render() - CORE\src\View\View.php, line 588
Cake\Controller\Controller::render() - CORE\src\Controller\Controller.php, line 617
Cake\Routing\Dispatcher::_invoke() - CORE\src\Routing\Dispatcher.php, line 120
Cake\Routing\Dispatcher::dispatch() - CORE\src\Routing\Dispatcher.php, line 87
[main] - ROOT\webroot\index.php, line 36



2018-12-28 11:09:03 Notice: Notice (8): Trying to get property of non-object in [D:\xampp\htdocs\policyapp2\vikain\src\Template\Policies\add.ctp, line 75]
Request URL: /policyapp2/vikain/policies/add
Referer URL: http://localhost/policyapp2/vikain/users/edit
Trace:
Cake\Error\BaseErrorHandler::handleError() - CORE\src\Error\BaseErrorHandler.php, line 146
include - APP/Template\Policies\add.ctp, line 75
Cake\View\View::_evaluate() - CORE\src\View\View.php, line 1005
Cake\View\View::_render() - CORE\src\View\View.php, line 964
Cake\View\View::render() - CORE\src\View\View.php, line 588
Cake\Controller\Controller::render() - CORE\src\Controller\Controller.php, line 617
Cake\Routing\Dispatcher::_invoke() - CORE\src\Routing\Dispatcher.php, line 120
Cake\Routing\Dispatcher::dispatch() - CORE\src\Routing\Dispatcher.php, line 87
[main] - ROOT\webroot\index.php, line 36



2018-12-28 11:09:03 Notice: Notice (8): Trying to get property of non-object in [D:\xampp\htdocs\policyapp2\vikain\src\Template\Policies\add.ctp, line 75]
Request URL: /policyapp2/vikain/policies/add
Referer URL: http://localhost/policyapp2/vikain/users/edit
Trace:
Cake\Error\BaseErrorHandler::handleError() - CORE\src\Error\BaseErrorHandler.php, line 146
include - APP/Template\Policies\add.ctp, line 75
Cake\View\View::_evaluate() - CORE\src\View\View.php, line 1005
Cake\View\View::_render() - CORE\src\View\View.php, line 964
Cake\View\View::render() - CORE\src\View\View.php, line 588
Cake\Controller\Controller::render() - CORE\src\Controller\Controller.php, line 617
Cake\Routing\Dispatcher::_invoke() - CORE\src\Routing\Dispatcher.php, line 120
Cake\Routing\Dispatcher::dispatch() - CORE\src\Routing\Dispatcher.php, line 87
[main] - ROOT\webroot\index.php, line 36



2018-12-28 11:09:03 Notice: Notice (8): Trying to get property of non-object in [D:\xampp\htdocs\policyapp2\vikain\src\Template\Policies\add.ctp, line 75]
Request URL: /policyapp2/vikain/policies/add
Referer URL: http://localhost/policyapp2/vikain/users/edit
Trace:
Cake\Error\BaseErrorHandler::handleError() - CORE\src\Error\BaseErrorHandler.php, line 146
include - APP/Template\Policies\add.ctp, line 75
Cake\View\View::_evaluate() - CORE\src\View\View.php, line 1005
Cake\View\View::_render() - CORE\src\View\View.php, line 964
Cake\View\View::render() - CORE\src\View\View.php, line 588
Cake\Controller\Controller::render() - CORE\src\Controller\Controller.php, line 617
Cake\Routing\Dispatcher::_invoke() - CORE\src\Routing\Dispatcher.php, line 120
Cake\Routing\Dispatcher::dispatch() - CORE\src\Routing\Dispatcher.php, line 87
[main] - ROOT\webroot\index.php, line 36



2018-12-28 11:09:03 Notice: Notice (8): Trying to get property of non-object in [D:\xampp\htdocs\policyapp2\vikain\src\Template\Policies\add.ctp, line 75]
Request URL: /policyapp2/vikain/policies/add
Referer URL: http://localhost/policyapp2/vikain/users/edit
Trace:
Cake\Error\BaseErrorHandler::handleError() - CORE\src\Error\BaseErrorHandler.php, line 146
include - APP/Template\Policies\add.ctp, line 75
Cake\View\View::_evaluate() - CORE\src\View\View.php, line 1005
Cake\View\View::_render() - CORE\src\View\View.php, line 964
Cake\View\View::render() - CORE\src\View\View.php, line 588
Cake\Controller\Controller::render() - CORE\src\Controller\Controller.php, line 617
Cake\Routing\Dispatcher::_invoke() - CORE\src\Routing\Dispatcher.php, line 120
Cake\Routing\Dispatcher::dispatch() - CORE\src\Routing\Dispatcher.php, line 87
[main] - ROOT\webroot\index.php, line 36



2018-12-28 11:09:03 Notice: Notice (8): Trying to get property of non-object in [D:\xampp\htdocs\policyapp2\vikain\src\Template\Policies\add.ctp, line 75]
Request URL: /policyapp2/vikain/policies/add
Referer URL: http://localhost/policyapp2/vikain/users/edit
Trace:
Cake\Error\BaseErrorHandler::handleError() - CORE\src\Error\BaseErrorHandler.php, line 146
include - APP/Template\Policies\add.ctp, line 75
Cake\View\View::_evaluate() - CORE\src\View\View.php, line 1005
Cake\View\View::_render() - CORE\src\View\View.php, line 964
Cake\View\View::render() - CORE\src\View\View.php, line 588
Cake\Controller\Controller::render() - CORE\src\Controller\Controller.php, line 617
Cake\Routing\Dispatcher::_invoke() - CORE\src\Routing\Dispatcher.php, line 120
Cake\Routing\Dispatcher::dispatch() - CORE\src\Routing\Dispatcher.php, line 87
[main] - ROOT\webroot\index.php, line 36



2018-12-28 11:09:03 Notice: Notice (8): Trying to get property of non-object in [D:\xampp\htdocs\policyapp2\vikain\src\Template\Policies\add.ctp, line 75]
Request URL: /policyapp2/vikain/policies/add
Referer URL: http://localhost/policyapp2/vikain/users/edit
Trace:
Cake\Error\BaseErrorHandler::handleError() - CORE\src\Error\BaseErrorHandler.php, line 146
include - APP/Template\Policies\add.ctp, line 75
Cake\View\View::_evaluate() - CORE\src\View\View.php, line 1005
Cake\View\View::_render() - CORE\src\View\View.php, line 964
Cake\View\View::render() - CORE\src\View\View.php, line 588
Cake\Controller\Controller::render() - CORE\src\Controller\Controller.php, line 617
Cake\Routing\Dispatcher::_invoke() - CORE\src\Routing\Dispatcher.php, line 120
Cake\Routing\Dispatcher::dispatch() - CORE\src\Routing\Dispatcher.php, line 87
[main] - ROOT\webroot\index.php, line 36



2018-12-28 15:42:10 Notice: Notice (8): Undefined variable: selectListdata in [D:\xampp\htdocs\policyapp2\vikain\src\Template\Policies\edit.ctp, line 128]
Request URL: /policyapp2/vikain/policies/edit/2
Referer URL: http://localhost/policyapp2/vikain/policies/add
Trace:
Cake\Error\BaseErrorHandler::handleError() - CORE\src\Error\BaseErrorHandler.php, line 146
include - APP/Template\Policies\edit.ctp, line 128
Cake\View\View::_evaluate() - CORE\src\View\View.php, line 1005
Cake\View\View::_render() - CORE\src\View\View.php, line 964
Cake\View\View::render() - CORE\src\View\View.php, line 588
Cake\Controller\Controller::render() - CORE\src\Controller\Controller.php, line 617
Cake\Routing\Dispatcher::_invoke() - CORE\src\Routing\Dispatcher.php, line 120
Cake\Routing\Dispatcher::dispatch() - CORE\src\Routing\Dispatcher.php, line 87
[main] - ROOT\webroot\index.php, line 36



2018-12-28 15:42:23 Notice: Notice (8): Undefined variable: selectListdata in [D:\xampp\htdocs\policyapp2\vikain\src\Template\Policies\edit.ctp, line 128]
Request URL: /policyapp2/vikain/policies/edit/3
Referer URL: http://localhost/policyapp2/vikain/policies/edit/2
Trace:
Cake\Error\BaseErrorHandler::handleError() - CORE\src\Error\BaseErrorHandler.php, line 146
include - APP/Template\Policies\edit.ctp, line 128
Cake\View\View::_evaluate() - CORE\src\View\View.php, line 1005
Cake\View\View::_render() - CORE\src\View\View.php, line 964
Cake\View\View::render() - CORE\src\View\View.php, line 588
Cake\Controller\Controller::render() - CORE\src\Controller\Controller.php, line 617
Cake\Routing\Dispatcher::_invoke() - CORE\src\Routing\Dispatcher.php, line 120
Cake\Routing\Dispatcher::dispatch() - CORE\src\Routing\Dispatcher.php, line 87
[main] - ROOT\webroot\index.php, line 36



2018-12-28 15:49:48 Notice: Notice (8): Undefined variable: selectListdata in [D:\xampp\htdocs\policyapp2\vikain\src\Template\Policies\edit.ctp, line 83]
Request URL: /policyapp2/vikain/policies/edit/3
Referer URL: http://localhost/policyapp2/vikain/policies/edit/2
Trace:
Cake\Error\BaseErrorHandler::handleError() - CORE\src\Error\BaseErrorHandler.php, line 146
include - APP/Template\Policies\edit.ctp, line 83
Cake\View\View::_evaluate() - CORE\src\View\View.php, line 1005
Cake\View\View::_render() - CORE\src\View\View.php, line 964
Cake\View\View::render() - CORE\src\View\View.php, line 588
Cake\Controller\Controller::render() - CORE\src\Controller\Controller.php, line 617
Cake\Routing\Dispatcher::_invoke() - CORE\src\Routing\Dispatcher.php, line 120
Cake\Routing\Dispatcher::dispatch() - CORE\src\Routing\Dispatcher.php, line 87
[main] - ROOT\webroot\index.php, line 36



2018-12-28 15:51:52 Notice: Notice (8): Undefined variable: PolicyTypes in [D:\xampp\htdocs\policyapp2\vikain\src\Controller\PoliciesController.php, line 143]
Request URL: /policyapp2/vikain/policies/edit/3
Referer URL: http://localhost/policyapp2/vikain/policies/add
Trace:
Cake\Error\BaseErrorHandler::handleError() - CORE\src\Error\BaseErrorHandler.php, line 146
App\Controller\PoliciesController::edit() - APP/Controller\PoliciesController.php, line 143
Cake\Controller\Controller::invokeAction() - CORE\src\Controller\Controller.php, line 435
Cake\Routing\Dispatcher::_invoke() - CORE\src\Routing\Dispatcher.php, line 114
Cake\Routing\Dispatcher::dispatch() - CORE\src\Routing\Dispatcher.php, line 87
[main] - ROOT\webroot\index.php, line 36



2019-01-22 13:13:05 Notice: Notice (8): Undefined variable: leftMenuFlag in [D:\xampp\htdocs\policyapp2\vikashversion2\myPolicyGuru\src\Template\Layout\default.ctp, line 121]
Request URL: /policyapp2/vikashversion2/myPolicyGuru/users/login
Referer URL: http://localhost/policyapp2/vikashversion2/myPolicyGuru/home/display
Trace:
Cake\Error\BaseErrorHandler::handleError() - CORE\src\Error\BaseErrorHandler.php, line 146
include - APP/Template\Layout\default.ctp, line 121
Cake\View\View::_evaluate() - CORE\src\View\View.php, line 1005
Cake\View\View::_render() - CORE\src\View\View.php, line 964
Cake\View\View::renderLayout() - CORE\src\View\View.php, line 635
Cake\View\View::render() - CORE\src\View\View.php, line 593
Cake\Controller\Controller::render() - CORE\src\Controller\Controller.php, line 617
Cake\Routing\Dispatcher::_invoke() - CORE\src\Routing\Dispatcher.php, line 120
Cake\Routing\Dispatcher::dispatch() - CORE\src\Routing\Dispatcher.php, line 87
[main] - ROOT\webroot\index.php, line 36



2019-01-22 13:13:40 Notice: Notice (8): Undefined variable: homepage in [D:\xampp\htdocs\policyapp2\vikashversion2\myPolicyGuru\src\Template\Layout\default.ctp, line 121]
Request URL: /policyapp2/vikashversion2/myPolicyGuru/users/edit
Referer URL: http://localhost/policyapp2/vikashversion2/myPolicyGuru/users/dashboard
Trace:
Cake\Error\BaseErrorHandler::handleError() - CORE\src\Error\BaseErrorHandler.php, line 146
include - APP/Template\Layout\default.ctp, line 121
Cake\View\View::_evaluate() - CORE\src\View\View.php, line 1005
Cake\View\View::_render() - CORE\src\View\View.php, line 964
Cake\View\View::renderLayout() - CORE\src\View\View.php, line 635
Cake\View\View::render() - CORE\src\View\View.php, line 593
Cake\Controller\Controller::render() - CORE\src\Controller\Controller.php, line 617
Cake\Routing\Dispatcher::_invoke() - CORE\src\Routing\Dispatcher.php, line 120
Cake\Routing\Dispatcher::dispatch() - CORE\src\Routing\Dispatcher.php, line 87
[main] - ROOT\webroot\index.php, line 36



2019-01-22 13:15:07 Notice: Notice (8): Undefined variable: homepage in [D:\xampp\htdocs\policyapp2\vikashversion2\myPolicyGuru\src\Template\Layout\default.ctp, line 121]
Request URL: /policyapp2/vikashversion2/myPolicyGuru/users/edit
Referer URL: http://localhost/policyapp2/vikashversion2/myPolicyGuru/users/dashboard
Trace:
Cake\Error\BaseErrorHandler::handleError() - CORE\src\Error\BaseErrorHandler.php, line 146
include - APP/Template\Layout\default.ctp, line 121
Cake\View\View::_evaluate() - CORE\src\View\View.php, line 1005
Cake\View\View::_render() - CORE\src\View\View.php, line 964
Cake\View\View::renderLayout() - CORE\src\View\View.php, line 635
Cake\View\View::render() - CORE\src\View\View.php, line 593
Cake\Controller\Controller::render() - CORE\src\Controller\Controller.php, line 617
Cake\Routing\Dispatcher::_invoke() - CORE\src\Routing\Dispatcher.php, line 120
Cake\Routing\Dispatcher::dispatch() - CORE\src\Routing\Dispatcher.php, line 87
[main] - ROOT\webroot\index.php, line 36



